# JRE version: OpenJDK Runtime Environment JBR-17.0.12+1-1087.25-jcef (17.0.12+1) (build 17.0.12+1-b1087.25)
# Java VM: OpenJDK 64-Bit Server VM JBR-17.0.12+1-1087.25-jcef (17.0.12+1-b1087.25, mixed mode, tiered, compressed oops, compressed class ptrs, g1 gc, windows-amd64)
GC Precious Log:
 CPUs: 8 total, 8 available
 Memory: 16082M
 Large Page Support: Disabled
 NUMA Support: Disabled
 Compressed Oops: Enabled (Zero based)
 Heap Region Size: 2M
 Heap Min Capacity: 8M
 Heap Initial Capacity: 252M
 Heap Max Capacity: 4022M
 Pre-touch: Disabled
 Parallel Workers: 8
 Concurrent Workers: 2
 Concurrent Refinement Workers: 8
 Periodic GC: Disabled
Heap:
 garbage-first heap   total 432128K, used 12812K [0x0000000704a00000, 0x0000000800000000)
  region size 2048K, 1 young (2048K), 1 survivors (2048K)
 Metaspace       used 23886K, committed 24064K, reserved 1114112K
  class space    used 2676K, committed 2752K, reserved 1048576K
GC Heap History (20 events):
Event: 1.237 GC heap after
{Heap after GC invocations=6 (full 0):
 garbage-first heap   total 49152K, used 10362K [0x0000000704a00000, 0x0000000800000000)
  region size 2048K, 1 young (2048K), 1 survivors (2048K)
 Metaspace       used 21977K, committed 22144K, reserved 1114112K
  class space    used 2503K, committed 2560K, reserved 1048576K
}
Event: 1.240 GC heap before
{Heap before GC invocations=6 (full 0):
 garbage-first heap   total 49152K, used 22650K [0x0000000704a00000, 0x0000000800000000)
  region size 2048K, 2 young (4096K), 1 survivors (2048K)
 Metaspace       used 21977K, committed 22144K, reserved 1114112K
  class space    used 2503K, committed 2560K, reserved 1048576K
}
Event: 1.242 GC heap after
{Heap after GC invocations=7 (full 0):
 garbage-first heap   total 153600K, used 10314K [0x0000000704a00000, 0x0000000800000000)
  region size 2048K, 1 young (2048K), 1 survivors (2048K)
 Metaspace       used 21977K, committed 22144K, reserved 1114112K
  class space    used 2503K, committed 2560K, reserved 1048576K
}
Event: 1.250 GC heap before
{Heap before GC invocations=7 (full 0):
 garbage-first heap   total 153600K, used 69706K [0x0000000704a00000, 0x0000000800000000)
  region size 2048K, 2 young (4096K), 1 survivors (2048K)
 Metaspace       used 21977K, committed 22144K, reserved 1114112K
  class space    used 2503K, committed 2560K, reserved 1048576K
}
Event: 1.251 GC heap after
{Heap after GC invocations=8 (full 0):
 garbage-first heap   total 153600K, used 10323K [0x0000000704a00000, 0x0000000800000000)
  region size 2048K, 1 young (2048K), 1 survivors (2048K)
 Metaspace       used 21977K, committed 22144K, reserved 1114112K
  class space    used 2503K, committed 2560K, reserved 1048576K
}
Event: 1.257 GC heap before
{Heap before GC invocations=8 (full 0):
 garbage-first heap   total 153600K, used 69715K [0x0000000704a00000, 0x0000000800000000)
  region size 2048K, 2 young (4096K), 1 survivors (2048K)
 Metaspace       used 21977K, committed 22144K, reserved 1114112K
  class space    used 2503K, committed 2560K, reserved 1048576K
}
Event: 1.259 GC heap after
{Heap after GC invocations=9 (full 0):
 garbage-first heap   total 153600K, used 10356K [0x0000000704a00000, 0x0000000800000000)
  region size 2048K, 1 young (2048K), 1 survivors (2048K)
 Metaspace       used 21977K, committed 22144K, reserved 1114112K
  class space    used 2503K, committed 2560K, reserved 1048576K
}
Event: 1.263 GC heap before
{Heap before GC invocations=9 (full 0):
 garbage-first heap   total 153600K, used 69748K [0x0000000704a00000, 0x0000000800000000)
  region size 2048K, 2 young (4096K), 1 survivors (2048K)
 Metaspace       used 21977K, committed 22144K, reserved 1114112K
  class space    used 2503K, committed 2560K, reserved 1048576K
}
Event: 1.264 GC heap after
{Heap after GC invocations=10 (full 0):
 garbage-first heap   total 153600K, used 10357K [0x0000000704a00000, 0x0000000800000000)
  region size 2048K, 1 young (2048K), 1 survivors (2048K)
 Metaspace       used 21977K, committed 22144K, reserved 1114112K
  class space    used 2503K, committed 2560K, reserved 1048576K
}
Event: 1.268 GC heap before
{Heap before GC invocations=10 (full 0):
 garbage-first heap   total 153600K, used 69749K [0x0000000704a00000, 0x0000000800000000)
  region size 2048K, 2 young (4096K), 1 survivors (2048K)
 Metaspace       used 21977K, committed 22144K, reserved 1114112K
  class space    used 2503K, committed 2560K, reserved 1048576K
}
Event: 1.838 GC heap after
{Heap after GC invocations=11 (full 0):
 garbage-first heap   total 432128K, used 10321K [0x0000000704a00000, 0x0000000800000000)
  region size 2048K, 1 young (2048K), 1 survivors (2048K)
 Metaspace       used 21977K, committed 22144K, reserved 1114112K
  class space    used 2503K, committed 2560K, reserved 1048576K
}
Event: 1.881 GC heap before
{Heap before GC invocations=11 (full 0):
 garbage-first heap   total 432128K, used 194641K [0x0000000704a00000, 0x0000000800000000)
  region size 2048K, 2 young (4096K), 1 survivors (2048K)
 Metaspace       used 21977K, committed 22144K, reserved 1114112K
  class space    used 2503K, committed 2560K, reserved 1048576K
}
Event: 1.883 GC heap after
{Heap after GC invocations=12 (full 0):
 garbage-first heap   total 432128K, used 10359K [0x0000000704a00000, 0x0000000800000000)
  region size 2048K, 1 young (2048K), 1 survivors (2048K)
 Metaspace       used 21977K, committed 22144K, reserved 1114112K
  class space    used 2503K, committed 2560K, reserved 1048576K
}
Event: 1.933 GC heap before
{Heap before GC invocations=12 (full 0):
 garbage-first heap   total 432128K, used 194679K [0x0000000704a00000, 0x0000000800000000)
  region size 2048K, 2 young (4096K), 1 survivors (2048K)
 Metaspace       used 21979K, committed 22144K, reserved 1114112K
  class space    used 2503K, committed 2560K, reserved 1048576K
}
Event: 1.934 GC heap after
{Heap after GC invocations=13 (full 0):
 garbage-first heap   total 432128K, used 10354K [0x0000000704a00000, 0x0000000800000000)
  region size 2048K, 1 young (2048K), 1 survivors (2048K)
 Metaspace       used 21979K, committed 22144K, reserved 1114112K
  class space    used 2503K, committed 2560K, reserved 1048576K
}
Event: 2.066 GC heap before
{Heap before GC invocations=13 (full 0):
 garbage-first heap   total 432128K, used 194674K [0x0000000704a00000, 0x0000000800000000)
  region size 2048K, 2 young (4096K), 1 survivors (2048K)
 Metaspace       used 22058K, committed 22208K, reserved 1114112K
  class space    used 2509K, committed 2560K, reserved 1048576K
}
Event: 2.067 GC heap after
{Heap after GC invocations=14 (full 0):
 garbage-first heap   total 432128K, used 10382K [0x0000000704a00000, 0x0000000800000000)
  region size 2048K, 1 young (2048K), 1 survivors (2048K)
 Metaspace       used 22058K, committed 22208K, reserved 1114112K
  class space    used 2509K, committed 2560K, reserved 1048576K
}
Event: 2.137 GC heap before
{Heap before GC invocations=14 (full 0):
 garbage-first heap   total 432128K, used 194702K [0x0000000704a00000, 0x0000000800000000)
  region size 2048K, 2 young (4096K), 1 survivors (2048K)
 Metaspace       used 22072K, committed 22272K, reserved 1114112K
  class space    used 2509K, committed 2560K, reserved 1048576K
}
Event: 2.139 GC heap after
{Heap after GC invocations=15 (full 0):
 garbage-first heap   total 432128K, used 10418K [0x0000000704a00000, 0x0000000800000000)
  region size 2048K, 1 young (2048K), 1 survivors (2048K)
 Metaspace       used 22072K, committed 22272K, reserved 1114112K
  class space    used 2509K, committed 2560K, reserved 1048576K
}
Event: 3.632 GC heap before
{Heap before GC invocations=15 (full 0):
 garbage-first heap   total 432128K, used 278706K [0x0000000704a00000, 0x0000000800000000)
  region size 2048K, 43 young (88064K), 1 survivors (2048K)
 Metaspace       used 23886K, committed 24064K, reserved 1114112K
  class space    used 2676K, committed 2752K, reserved 1048576K
}

